<html>
<head>
<title>TestNG:  all-tests</title>
<link href="../testng.css" rel="stylesheet" type="text/css" />
<link href="../my-testng.css" rel="stylesheet" type="text/css" />

<style type="text/css">
.log { display: none;} 
.stack-trace { display: none;} 
</style>
<script type="text/javascript">
<!--
function flip(e) {
  current = e.style.display;
  if (current == 'block') {
    e.style.display = 'none';
    return 0;
  }
  else {
    e.style.display = 'block';
    return 1;
  }
}

function toggleBox(szDivId, elem, msg1, msg2)
{
  var res = -1;  if (document.getElementById) {
    res = flip(document.getElementById(szDivId));
  }
  else if (document.all) {
    // this is the way old msie versions work
    res = flip(document.all[szDivId]);
  }
  if(elem) {
    if(res == 0) elem.innerHTML = msg1; else elem.innerHTML = msg2;
  }

}

function toggleAllBoxes() {
  if (document.getElementsByTagName) {
    d = document.getElementsByTagName('div');
    for (i = 0; i < d.length; i++) {
      if (d[i].className == 'log') {
        flip(d[i]);
      }
    }
  }
}

// -->
</script>

</head>
<body>
<h2 align='center'>all-tests</h2><table border='1' align="center">
<tr>
<td>Tests passed/Failed/Skipped:</td><td>23/1/0</td>
</tr><tr>
<td>Started on:</td><td>Fri Mar 10 17:06:06 EST 2023</td>
</tr>
<tr><td>Total time:</td><td>156 seconds (156328 ms)</td>
</tr><tr>
<td>Included groups:</td><td></td>
</tr><tr>
<td>Excluded groups:</td><td></td>
</tr>
</table><p/>
<small><i>(Hover the method name to see the test class name)</i></small><p/>
<table width='100%' border='1' class='invocation-failed'>
<tr><td colspan='4' align='center'><b>FAILED TESTS</b></td></tr>
<tr><td><b>Test method</b></td>
<td width="30%"><b>Exception</b></td>
<td width="10%"><b>Time (seconds)</b></td>
<td><b>Instance</b></td>
</tr>
<tr>
<td title='org.example.DragAndDropTest.dragAndDropTest()'><b>dragAndDropTest</b><br>Test class: org.example.DragAndDropTest</td>
<td><div><pre>java.lang.AssertionError: expected [B] but found [A]
	at org.example.DragAndDropTest.dragAndDropTest(DragAndDropTest.java:22)
	at java.util.ArrayList.forEach(ArrayList.java:1259)
... Removed 37 stack frames</pre></div><a href='#' onClick='toggleBox("stack-trace1837533591", this, "Click to show all stack frames", "Click to hide stack frames")'>Click to show all stack frames</a>
<div class='stack-trace' id='stack-trace1837533591'><pre>java.lang.AssertionError: expected [B] but found [A]
	at org.testng.Assert.fail(Assert.java:110)
	at org.testng.Assert.failNotEquals(Assert.java:1413)
	at org.testng.Assert.assertEqualsImpl(Assert.java:149)
	at org.testng.Assert.assertEquals(Assert.java:131)
	at org.testng.Assert.assertEquals(Assert.java:655)
	at org.testng.Assert.assertEquals(Assert.java:665)
	at org.example.DragAndDropTest.dragAndDropTest(DragAndDropTest.java:22)
	at sun.reflect.NativeMethodAccessorImpl.invoke0(Native Method)
	at sun.reflect.NativeMethodAccessorImpl.invoke(NativeMethodAccessorImpl.java:62)
	at sun.reflect.DelegatingMethodAccessorImpl.invoke(DelegatingMethodAccessorImpl.java:43)
	at java.lang.reflect.Method.invoke(Method.java:498)
	at org.testng.internal.invokers.MethodInvocationHelper.invokeMethod(MethodInvocationHelper.java:135)
	at org.testng.internal.invokers.TestInvoker.invokeMethod(TestInvoker.java:673)
	at org.testng.internal.invokers.TestInvoker.invokeTestMethod(TestInvoker.java:220)
	at org.testng.internal.invokers.MethodRunner.runInSequence(MethodRunner.java:50)
	at org.testng.internal.invokers.TestInvoker$MethodInvocationAgent.invoke(TestInvoker.java:945)
	at org.testng.internal.invokers.TestInvoker.invokeTestMethods(TestInvoker.java:193)
	at org.testng.internal.invokers.TestMethodWorker.invokeTestMethods(TestMethodWorker.java:146)
	at org.testng.internal.invokers.TestMethodWorker.run(TestMethodWorker.java:128)
	at java.util.ArrayList.forEach(ArrayList.java:1259)
	at org.testng.TestRunner.privateRun(TestRunner.java:808)
	at org.testng.TestRunner.run(TestRunner.java:603)
	at org.testng.SuiteRunner.runTest(SuiteRunner.java:429)
	at org.testng.SuiteRunner.runSequentially(SuiteRunner.java:423)
	at org.testng.SuiteRunner.privateRun(SuiteRunner.java:383)
	at org.testng.SuiteRunner.run(SuiteRunner.java:326)
	at org.testng.SuiteRunnerWorker.runSuite(SuiteRunnerWorker.java:52)
	at org.testng.SuiteRunnerWorker.run(SuiteRunnerWorker.java:95)
	at org.testng.TestNG.runSuitesSequentially(TestNG.java:1249)
	at org.testng.TestNG.runSuitesLocally(TestNG.java:1169)
	at org.testng.TestNG.runSuites(TestNG.java:1092)
	at org.testng.TestNG.run(TestNG.java:1060)
	at org.apache.maven.surefire.testng.TestNGExecutor.run(TestNGExecutor.java:283)
	at org.apache.maven.surefire.testng.TestNGXmlTestSuite.execute(TestNGXmlTestSuite.java:75)
	at org.apache.maven.surefire.testng.TestNGProvider.invoke(TestNGProvider.java:120)
	at org.apache.maven.surefire.booter.ForkedBooter.invokeProviderInSameClassLoader(ForkedBooter.java:384)
	at org.apache.maven.surefire.booter.ForkedBooter.runSuitesInProcess(ForkedBooter.java:345)
	at org.apache.maven.surefire.booter.ForkedBooter.execute(ForkedBooter.java:126)
	at org.apache.maven.surefire.booter.ForkedBooter.main(ForkedBooter.java:418)
</pre></div></td>
<td>12</td>
<td>org.example.DragAndDropTest@80503</td></tr>
</table><p>
<table width='100%' border='1' class='invocation-passed'>
<tr><td colspan='4' align='center'><b>PASSED TESTS</b></td></tr>
<tr><td><b>Test method</b></td>
<td width="30%"><b>Exception</b></td>
<td width="10%"><b>Time (seconds)</b></td>
<td><b>Instance</b></td>
</tr>
<tr>
<td title='org.example.CheckBoxTest.check_and_Uncheck_CheckBox2()'><b>check_and_Uncheck_CheckBox2</b><br>Test class: org.example.CheckBoxTest</td>
<td></td>
<td>0</td>
<td>org.example.CheckBoxTest@5f282abb</td></tr>
<tr>
<td title='org.example.JavaScriptAlertsTest.jsConfirmTest()'><b>jsConfirmTest</b><br>Test class: org.example.JavaScriptAlertsTest</td>
<td></td>
<td>0</td>
<td>org.example.JavaScriptAlertsTest@3dfc5fb8</td></tr>
<tr>
<td title='org.example.CheckBoxTest.check_and_Uncheck_CheckBox1()'><b>check_and_Uncheck_CheckBox1</b><br>Test class: org.example.CheckBoxTest</td>
<td></td>
<td>0</td>
<td>org.example.CheckBoxTest@5f282abb</td></tr>
<tr>
<td title='org.example.DynamicControlsTest.testToAddOrRemoveButton()'><b>testToAddOrRemoveButton</b><br>Test class: org.example.DynamicControlsTest</td>
<td></td>
<td>7</td>
<td>org.example.DynamicControlsTest@86be70a</td></tr>
<tr>
<td title='org.example.IFrameTest.iFrameTest()'><b>iFrameTest</b><br>Test class: org.example.IFrameTest</td>
<td></td>
<td>1</td>
<td>org.example.IFrameTest@3cb1ffe6</td></tr>
<tr>
<td title='org.example.JavaScriptErrorTest.jsErrorTest()'><b>jsErrorTest</b><br>Test class: org.example.JavaScriptErrorTest</td>
<td></td>
<td>0</td>
<td>org.example.JavaScriptErrorTest@467aecef</td></tr>
<tr>
<td title='org.example.FileDownloadTest.fileDownloadTest()'><b>fileDownloadTest</b><br>Test class: org.example.FileDownloadTest</td>
<td></td>
<td>0</td>
<td>org.example.FileDownloadTest@2a556333</td></tr>
<tr>
<td title='org.example.ContextMenuTest.testRightClick()'><b>testRightClick</b><br>Test class: org.example.ContextMenuTest</td>
<td></td>
<td>0</td>
<td>org.example.ContextMenuTest@2f943d71</td></tr>
<tr>
<td title='org.example.DropDownTest.option1Test()'><b>option1Test</b><br>Test class: org.example.DropDownTest</td>
<td></td>
<td>0</td>
<td>org.example.DropDownTest@4b553d26</td></tr>
<tr>
<td title='org.example.FloatingMenuTest.testFloatingMenu()'><b>testFloatingMenu</b><br>Test class: org.example.FloatingMenuTest</td>
<td></td>
<td>0</td>
<td>org.example.FloatingMenuTest@2a742aa2</td></tr>
<tr>
<td title='org.example.JavaScriptAlertsTest.jsAlertTest()'><b>jsAlertTest</b><br>Test class: org.example.JavaScriptAlertsTest</td>
<td></td>
<td>0</td>
<td>org.example.JavaScriptAlertsTest@3dfc5fb8</td></tr>
<tr>
<td title='org.example.LoginPageTest.invalidUsernamelogintest()'><b>invalidUsernamelogintest</b><br>Test class: org.example.LoginPageTest</td>
<td></td>
<td>1</td>
<td>org.example.LoginPageTest@4d50efb8</td></tr>
<tr>
<td title='org.example.LoginPageTest.invalidPasswordlogintest()'><b>invalidPasswordlogintest</b><br>Test class: org.example.LoginPageTest</td>
<td></td>
<td>1</td>
<td>org.example.LoginPageTest@4d50efb8</td></tr>
<tr>
<td title='org.example.NotificationMessageTest.notificationTest()'><b>notificationTest</b><br>Test class: org.example.NotificationMessageTest</td>
<td></td>
<td>1</td>
<td>org.example.NotificationMessageTest@307f6b8c</td></tr>
<tr>
<td title='org.example.JavaScriptAlertsTest.jsPromptTest()'><b>jsPromptTest</b><br>Test class: org.example.JavaScriptAlertsTest</td>
<td></td>
<td>0</td>
<td>org.example.JavaScriptAlertsTest@3dfc5fb8</td></tr>
<tr>
<td title='org.example.NewWindowTest.newWindowTest()'><b>newWindowTest</b><br>Test class: org.example.NewWindowTest</td>
<td></td>
<td>0</td>
<td>org.example.NewWindowTest@2173f6d9</td></tr>
<tr>
<td title='org.example.FileUploadTest.fileUploadTest()'><b>fileUploadTest</b><br>Test class: org.example.FileUploadTest</td>
<td></td>
<td>1</td>
<td>org.example.FileUploadTest@7d70d1b1</td></tr>
<tr>
<td title='org.example.DropDownTest.option2Test()'><b>option2Test</b><br>Test class: org.example.DropDownTest</td>
<td></td>
<td>0</td>
<td>org.example.DropDownTest@4b553d26</td></tr>
<tr>
<td title='org.example.LoginPageTest.validCredslogintest()'><b>validCredslogintest</b><br>Test class: org.example.LoginPageTest</td>
<td></td>
<td>1</td>
<td>org.example.LoginPageTest@4d50efb8</td></tr>
<tr>
<td title='org.example.DynamicContentTest.dynamicContentTests()'><b>dynamicContentTests</b><br>Test class: org.example.DynamicContentTest</td>
<td></td>
<td>0</td>
<td>org.example.DynamicContentTest@69a3d1d</td></tr>
<tr>
<td title='org.example.DynamicLoadingTest.DynamicLoadingTest()'><b>DynamicLoadingTest</b><br>Test class: org.example.DynamicLoadingTest</td>
<td></td>
<td>6</td>
<td>org.example.DynamicLoadingTest@480bdb19</td></tr>
<tr>
<td title='org.example.DynamicControlsTest.testToEnableOrDisableButton()'><b>testToEnableOrDisableButton</b><br>Test class: org.example.DynamicControlsTest</td>
<td></td>
<td>7</td>
<td>org.example.DynamicControlsTest@86be70a</td></tr>
<tr>
<td title='org.example.MouseHoverTest.mouseHoverTest()'><b>mouseHoverTest</b><br>Test class: org.example.MouseHoverTest</td>
<td></td>
<td>1</td>
<td>org.example.MouseHoverTest@7e2d773b</td></tr>
</table><p>
</body>
</html>