<?xml version="1.0" encoding="UTF-8"?>
<!-- Generated by org.testng.reporters.JUnitXMLReporter -->
<testsuite hostname="LAPTOP-QIK84FHM" ignored="0" name="all-tests" tests="24" failures="1" timestamp="2023-03-10T17:26:23 EST" time="161.44" errors="0">
  <testcase name="check_and_Uncheck_CheckBox1" time="0.734" classname="org.example.CheckBoxTest"/>
  <testcase name="check_and_Uncheck_CheckBox2" time="0.601" classname="org.example.CheckBoxTest"/>
  <testcase name="testRightClick" time="0.586" classname="org.example.ContextMenuTest"/>
  <testcase name="dragAndDropTest" time="12.686" classname="org.example.DragAndDropTest">
    <failure type="java.lang.AssertionError" message="expected [B] but found [A]">
      <![CDATA[java.lang.AssertionError: expected [B] but found [A]
at org.example.DragAndDropTest.dragAndDropTest(DragAndDropTest.java:22)
at java.util.ArrayList.forEach(ArrayList.java:1259)
... Removed 37 stack frames]]>
    </failure>
  </testcase> <!-- dragAndDropTest -->
  <testcase name="option1Test" time="0.444" classname="org.example.DropDownTest"/>
  <testcase name="option2Test" time="0.568" classname="org.example.DropDownTest"/>
  <testcase name="dynamicContentTests" time="0.673" classname="org.example.DynamicContentTest"/>
  <testcase name="testToAddOrRemoveButton" time="7.288" classname="org.example.DynamicControlsTest"/>
  <testcase name="testToEnableOrDisableButton" time="7.716" classname="org.example.DynamicControlsTest"/>
  <testcase name="DynamicLoadingTest" time="6.236" classname="org.example.DynamicLoadingTest"/>
  <testcase name="fileDownloadTest" time="0.456" classname="org.example.FileDownloadTest"/>
  <testcase name="fileUploadTest" time="1.895" classname="org.example.FileUploadTest"/>
  <testcase name="testFloatingMenu" time="0.457" classname="org.example.FloatingMenuTest"/>
  <testcase name="iFrameTest" time="1.94" classname="org.example.IFrameTest"/>
  <testcase name="jsAlertTest" time="0.489" classname="org.example.JavaScriptAlertsTest"/>
  <testcase name="jsConfirmTest" time="0.555" classname="org.example.JavaScriptAlertsTest"/>
  <testcase name="jsPromptTest" time="0.475" classname="org.example.JavaScriptAlertsTest"/>
  <testcase name="jsErrorTest" time="0.249" classname="org.example.JavaScriptErrorTest"/>
  <testcase name="invalidPasswordlogintest" time="1.012" classname="org.example.LoginPageTest"/>
  <testcase name="invalidUsernamelogintest" time="1.071" classname="org.example.LoginPageTest"/>
  <testcase name="validCredslogintest" time="1.029" classname="org.example.LoginPageTest"/>
  <testcase name="mouseHoverTest" time="1.237" classname="org.example.MouseHoverTest"/>
  <testcase name="newWindowTest" time="0.677" classname="org.example.NewWindowTest"/>
  <testcase name="notificationTest" time="2.015" classname="org.example.NotificationMessageTest"/>
</testsuite> <!-- all-tests -->
